{"name": "test_bus207", "status": "failed", "statusDetails": {"message": "AssertionError: Ошибка в ходе выполнения теста bus207\nassert False == True\n +  where False = AutoTest('be11611b', '60-ab-67-f7-1d-a0', 'XiaomiSE', '_P_TTM_v5', 'bus207')", "trace": "self = <Test_MT.TestOther object at 0x000001A8E4757978>\n\n    @allure.feature(\"Тест авторизации\")\n    @allure.story(\"Авторизация _P_TTM_v5\")\n    def test_bus207(self):\n>       assert AutoTest(number, mac, name, '_P_TTM_v5', 'bus207') == True, \"Ошибка в ходе выполнения теста bus207\"\nE       AssertionError: Ошибка в ходе выполнения теста bus207\nE       assert False == True\nE        +  where False = AutoTest('be11611b', '60-ab-67-f7-1d-a0', 'XiaomiSE', '_P_TTM_v5', 'bus207')\n\nTest_MT.py:134: AssertionError"}, "attachments": [{"name": "log", "source": "24b6bde1-3b03-4886-a7f8-694ef4fa5159-attachment.txt", "type": "text/plain"}, {"name": "stdout", "source": "e8b60695-d848-45b9-a53a-130daef308c6-attachment.txt", "type": "text/plain"}, {"name": "stderr", "source": "07eb7cd4-45cc-439f-8167-425522ce979a-attachment.txt", "type": "text/plain"}], "start": 1651663472152, "stop": 1651663664421, "uuid": "4ea3dd17-5d62-4a2f-bee6-6ee00eddb952", "historyId": "3369cd05539770f0c09511c571a4094b", "testCaseId": "bc0a014b62f50edbcb39f57be6bfbe2a", "fullName": "Test_MT.TestOther#test_bus207", "labels": [{"name": "story", "value": "Авторизация _P_TTM_v5"}, {"name": "suite", "value": "Тесты основных сегментов сети МТ"}, {"name": "feature", "value": "Тест авторизации"}, {"name": "subSuite", "value": "TestOther"}, {"name": "host", "value": "tester"}, {"name": "thread", "value": "8060-MainThread"}, {"name": "framework", "value": "pytest"}, {"name": "language", "value": "cpython3"}, {"name": "package", "value": "Test_MT"}]}