{"name": "test_bus207", "status": "failed", "statusDetails": {"message": "AssertionError: Ошибка в ходе выполнения теста bus207\nassert False == True\n +  where False = AutoTest('be11611b', '60-ab-67-f7-1d-a0', 'XiaomiSE', '_P_TTM_v5', 'bus207')", "trace": "self = <Test_MT.TestOther object at 0x000001A6EC9B4BE0>\n\n    @allure.feature(\"Тест авторизации\")\n    @allure.story(\"Авторизация _P_TTM_v5\")\n    def test_bus207(self):\n>       assert AutoTest(number, mac, name, '_P_TTM_v5', 'bus207') == True, \"Ошибка в ходе выполнения теста bus207\"\nE       AssertionError: Ошибка в ходе выполнения теста bus207\nE       assert False == True\nE        +  where False = AutoTest('be11611b', '60-ab-67-f7-1d-a0', 'XiaomiSE', '_P_TTM_v5', 'bus207')\n\nTest_MT.py:134: AssertionError"}, "attachments": [{"name": "log", "source": "b563ce0e-fc8f-4523-89c5-4fe0ff46025c-attachment.txt", "type": "text/plain"}, {"name": "stdout", "source": "40341950-e8fa-449b-9c82-6e0e04b4a898-attachment.txt", "type": "text/plain"}, {"name": "stderr", "source": "46c83e12-529d-4865-9e5f-9c58158993e2-attachment.txt", "type": "text/plain"}], "start": 1652088893321, "stop": 1652089092202, "uuid": "7cfae048-680f-409c-a83b-1ad1f5af0c62", "historyId": "3369cd05539770f0c09511c571a4094b", "testCaseId": "bc0a014b62f50edbcb39f57be6bfbe2a", "fullName": "Test_MT.TestOther#test_bus207", "labels": [{"name": "feature", "value": "Тест авторизации"}, {"name": "story", "value": "Авторизация _P_TTM_v5"}, {"name": "suite", "value": "Тесты основных сегментов сети МТ"}, {"name": "subSuite", "value": "TestOther"}, {"name": "host", "value": "tester"}, {"name": "thread", "value": "7452-MainThread"}, {"name": "framework", "value": "pytest"}, {"name": "language", "value": "cpython3"}, {"name": "package", "value": "Test_MT"}]}