{"name": "test_bus207", "status": "failed", "statusDetails": {"message": "AssertionError: Ошибка в ходе выполнения теста bus207\nassert False == True\n +  where False = AutoTest('be11611b', '60-ab-67-f7-1d-a0', 'XiaomiSE', '_P_TTM_v5', 'bus207')", "trace": "self = <Test_MT.TestOther object at 0x0000026FC076EE48>\n\n    @allure.feature(\"Тест авторизации\")\n    @allure.story(\"Авторизация _P_TTM_v5\")\n    def test_bus207(self):\n>       assert AutoTest(number, mac, name, '_P_TTM_v5', 'bus207') == True, \"Ошибка в ходе выполнения теста bus207\"\nE       AssertionError: Ошибка в ходе выполнения теста bus207\nE       assert False == True\nE        +  where False = AutoTest('be11611b', '60-ab-67-f7-1d-a0', 'XiaomiSE', '_P_TTM_v5', 'bus207')\n\nTest_MT.py:134: AssertionError"}, "attachments": [{"name": "log", "source": "a48aa020-cc82-4238-9653-4ae6a75297be-attachment.txt", "type": "text/plain"}, {"name": "stdout", "source": "070b173f-e117-48ca-a705-0af72b4e5c30-attachment.txt", "type": "text/plain"}, {"name": "stderr", "source": "27ce6fd3-45d8-4c30-b5a6-2c9f64470de9-attachment.txt", "type": "text/plain"}], "start": 1652138787419, "stop": 1652138986563, "uuid": "d704bda4-5893-4d95-ac93-f8be9d5c35a9", "historyId": "3369cd05539770f0c09511c571a4094b", "testCaseId": "bc0a014b62f50edbcb39f57be6bfbe2a", "fullName": "Test_MT.TestOther#test_bus207", "labels": [{"name": "story", "value": "Авторизация _P_TTM_v5"}, {"name": "suite", "value": "Тесты основных сегментов сети МТ"}, {"name": "feature", "value": "Тест авторизации"}, {"name": "subSuite", "value": "TestOther"}, {"name": "host", "value": "tester"}, {"name": "thread", "value": "7548-MainThread"}, {"name": "framework", "value": "pytest"}, {"name": "language", "value": "cpython3"}, {"name": "package", "value": "Test_MT"}]}