{"name": "test_bus207", "status": "failed", "statusDetails": {"message": "AssertionError: Ошибка в ходе выполнения теста bus207\nassert False == True\n +  where False = AutoTest('be11611b', '60-ab-67-f7-1d-a0', 'XiaomiSE', '_P_TTM_v5', 'bus207')", "trace": "self = <Test_MT.TestOther object at 0x000002676365A7B8>\n\n    @allure.feature(\"Тест авторизации\")\n    @allure.story(\"Авторизация _P_TTM_v5\")\n    def test_bus207(self):\n>       assert AutoTest(number, mac, name, '_P_TTM_v5', 'bus207') == True, \"Ошибка в ходе выполнения теста bus207\"\nE       AssertionError: Ошибка в ходе выполнения теста bus207\nE       assert False == True\nE        +  where False = AutoTest('be11611b', '60-ab-67-f7-1d-a0', 'XiaomiSE', '_P_TTM_v5', 'bus207')\n\nTest_MT.py:134: AssertionError"}, "attachments": [{"name": "log", "source": "3acc3292-39ed-4ab3-8def-4f03c3a8c184-attachment.txt", "type": "text/plain"}, {"name": "stdout", "source": "d7fc3c4a-be66-43dc-a244-afecbd5f04e9-attachment.txt", "type": "text/plain"}, {"name": "stderr", "source": "9b3bf1b7-9235-43d1-b07d-3e37fe3dab11-attachment.txt", "type": "text/plain"}], "start": 1651944502678, "stop": 1651944682834, "uuid": "38050912-f995-4218-a0d1-faa41ecfe9b3", "historyId": "3369cd05539770f0c09511c571a4094b", "testCaseId": "bc0a014b62f50edbcb39f57be6bfbe2a", "fullName": "Test_MT.TestOther#test_bus207", "labels": [{"name": "feature", "value": "Тест авторизации"}, {"name": "story", "value": "Авторизация _P_TTM_v5"}, {"name": "suite", "value": "Тесты основных сегментов сети МТ"}, {"name": "subSuite", "value": "TestOther"}, {"name": "host", "value": "tester"}, {"name": "thread", "value": "6444-MainThread"}, {"name": "framework", "value": "pytest"}, {"name": "language", "value": "cpython3"}, {"name": "package", "value": "Test_MT"}]}