{"name": "test_bus154", "status": "failed", "statusDetails": {"message": "AssertionError: Ошибка в ходе выполнения теста bus154\nassert False == True\n +  where False = AutoTest('be11611b', '60-ab-67-f7-1d-a0', 'XiaomiSE', '_P_mvf_bus', 'bus154')", "trace": "self = <Test_MT.TestOther object at 0x000002048BB92748>\n\n    @allure.feature(\"Тест авторизации\")\n    @allure.story(\"Авторизация _P_mvf_bus\")\n    def test_bus154(self):\n>       assert AutoTest(number, mac, name, '_P_mvf_bus', 'bus154') == True, \"Ошибка в ходе выполнения теста bus154\"\nE       AssertionError: Ошибка в ходе выполнения теста bus154\nE       assert False == True\nE        +  where False = AutoTest('be11611b', '60-ab-67-f7-1d-a0', 'XiaomiSE', '_P_mvf_bus', 'bus154')\n\nTest_MT.py:129: AssertionError"}, "attachments": [{"name": "log", "source": "5147165a-b3e4-436b-ad7a-63ab49b13a04-attachment.txt", "type": "text/plain"}, {"name": "stdout", "source": "d47fa68b-8116-45f5-b40c-c6a0fd685055-attachment.txt", "type": "text/plain"}, {"name": "stderr", "source": "6f8d6428-e1fb-484a-883c-a66f775a7157-attachment.txt", "type": "text/plain"}], "start": 1652106527458, "stop": 1652106690724, "uuid": "a385e008-d227-40e2-973c-4038681b67a4", "historyId": "6c3f8a24dd4f4f99790af4fc37371378", "testCaseId": "aa57b99d04c859b0fd67a10830cbc1f3", "fullName": "Test_MT.TestOther#test_bus154", "labels": [{"name": "feature", "value": "Тест авторизации"}, {"name": "story", "value": "Авторизация _P_mvf_bus"}, {"name": "suite", "value": "Тесты основных сегментов сети МТ"}, {"name": "subSuite", "value": "TestOther"}, {"name": "host", "value": "tester"}, {"name": "thread", "value": "8144-MainThread"}, {"name": "framework", "value": "pytest"}, {"name": "language", "value": "cpython3"}, {"name": "package", "value": "Test_MT"}]}