{"name": "test_bus154", "status": "failed", "statusDetails": {"message": "AssertionError: Ошибка в ходе выполнения теста bus154\nassert False == True\n +  where False = AutoTest('be11611b', '60-ab-67-f7-1d-a0', 'XiaomiSE', '_P_mvf_bus', 'bus154')", "trace": "self = <Test_MT.TestOther object at 0x0000023F2098AFD0>\n\n    @allure.feature(\"Тест авторизации\")\n    @allure.story(\"Авторизация _P_mvf_bus\")\n    def test_bus154(self):\n>       assert AutoTest(number, mac, name, '_P_mvf_bus', 'bus154') == True, \"Ошибка в ходе выполнения теста bus154\"\nE       AssertionError: Ошибка в ходе выполнения теста bus154\nE       assert False == True\nE        +  where False = AutoTest('be11611b', '60-ab-67-f7-1d-a0', 'XiaomiSE', '_P_mvf_bus', 'bus154')\n\nTest_MT.py:129: AssertionError"}, "attachments": [{"name": "log", "source": "b531160b-4227-43fd-be99-494a2bd055af-attachment.txt", "type": "text/plain"}, {"name": "stdout", "source": "f521f756-5697-425b-94b4-b3dab9a0cbd5-attachment.txt", "type": "text/plain"}, {"name": "stderr", "source": "e8c3bb7b-428e-4e71-a5c8-75aced05f1a9-attachment.txt", "type": "text/plain"}], "start": 1652198188798, "stop": 1652198385163, "uuid": "b381d821-02be-42ca-a1c4-b1a9a64cebbf", "historyId": "6c3f8a24dd4f4f99790af4fc37371378", "testCaseId": "aa57b99d04c859b0fd67a10830cbc1f3", "fullName": "Test_MT.TestOther#test_bus154", "labels": [{"name": "feature", "value": "Тест авторизации"}, {"name": "story", "value": "Авторизация _P_mvf_bus"}, {"name": "suite", "value": "Тесты основных сегментов сети МТ"}, {"name": "subSuite", "value": "TestOther"}, {"name": "host", "value": "tester"}, {"name": "thread", "value": "6848-MainThread"}, {"name": "framework", "value": "pytest"}, {"name": "language", "value": "cpython3"}, {"name": "package", "value": "Test_MT"}]}