{"name": "test_bus207", "status": "failed", "statusDetails": {"message": "AssertionError: Ошибка в ходе выполнения теста bus207\nassert False == True\n +  where False = AutoTest('be11611b', '60-ab-67-f7-1d-a0', 'XiaomiSE', '_P_TTM_v5', 'bus207')", "trace": "self = <Test_MT.TestOther object at 0x0000021CED6341D0>\n\n    @allure.feature(\"Тест авторизации\")\n    @allure.story(\"Авторизация _P_TTM_v5\")\n    def test_bus207(self):\n>       assert AutoTest(number, mac, name, '_P_TTM_v5', 'bus207') == True, \"Ошибка в ходе выполнения теста bus207\"\nE       AssertionError: Ошибка в ходе выполнения теста bus207\nE       assert False == True\nE        +  where False = AutoTest('be11611b', '60-ab-67-f7-1d-a0', 'XiaomiSE', '_P_TTM_v5', 'bus207')\n\nTest_MT.py:134: AssertionError"}, "attachments": [{"name": "log", "source": "fe52d056-5d06-4c59-9a8f-40572c564649-attachment.txt", "type": "text/plain"}, {"name": "stdout", "source": "78880c60-d807-41b8-92eb-81e2e7e1cb91-attachment.txt", "type": "text/plain"}, {"name": "stderr", "source": "23dfd514-ceaa-4810-9c23-5358b8fe8112-attachment.txt", "type": "text/plain"}], "start": 1651912052390, "stop": 1651912239814, "uuid": "98a7a060-061d-4a8d-b35d-cc593689e9b3", "historyId": "3369cd05539770f0c09511c571a4094b", "testCaseId": "bc0a014b62f50edbcb39f57be6bfbe2a", "fullName": "Test_MT.TestOther#test_bus207", "labels": [{"name": "story", "value": "Авторизация _P_TTM_v5"}, {"name": "suite", "value": "Тесты основных сегментов сети МТ"}, {"name": "feature", "value": "Тест авторизации"}, {"name": "subSuite", "value": "TestOther"}, {"name": "host", "value": "tester"}, {"name": "thread", "value": "7764-MainThread"}, {"name": "framework", "value": "pytest"}, {"name": "language", "value": "cpython3"}, {"name": "package", "value": "Test_MT"}]}