{"name": "test_bus154", "status": "failed", "statusDetails": {"message": "AssertionError: Ошибка в ходе выполнения теста bus154\nassert False == True\n +  where False = AutoTest('be11611b', '60-ab-67-f7-1d-a0', 'XiaomiSE', '_P_mvf_bus', 'bus154')", "trace": "self = <Test_MT.TestOther object at 0x0000025BCD689C18>\n\n    @allure.feature(\"Тест авторизации\")\n    @allure.story(\"Авторизация _P_mvf_bus\")\n    def test_bus154(self):\n>       assert AutoTest(number, mac, name, '_P_mvf_bus', 'bus154') == True, \"Ошибка в ходе выполнения теста bus154\"\nE       AssertionError: Ошибка в ходе выполнения теста bus154\nE       assert False == True\nE        +  where False = AutoTest('be11611b', '60-ab-67-f7-1d-a0', 'XiaomiSE', '_P_mvf_bus', 'bus154')\n\nTest_MT.py:129: AssertionError"}, "attachments": [{"name": "log", "source": "dd196293-eb70-47b5-9708-c024e55a56bd-attachment.txt", "type": "text/plain"}, {"name": "stdout", "source": "d23c77ad-3a70-4188-b481-da08abab4952-attachment.txt", "type": "text/plain"}, {"name": "stderr", "source": "7cdaad63-9643-43bb-8776-7340dce82633-attachment.txt", "type": "text/plain"}], "start": 1651982047401, "stop": 1651982210291, "uuid": "dc0b8ee1-e66e-47e9-b6df-3456d28f49d9", "historyId": "6c3f8a24dd4f4f99790af4fc37371378", "testCaseId": "aa57b99d04c859b0fd67a10830cbc1f3", "fullName": "Test_MT.TestOther#test_bus154", "labels": [{"name": "story", "value": "Авторизация _P_mvf_bus"}, {"name": "feature", "value": "Тест авторизации"}, {"name": "suite", "value": "Тесты основных сегментов сети МТ"}, {"name": "subSuite", "value": "TestOther"}, {"name": "host", "value": "tester"}, {"name": "thread", "value": "4476-MainThread"}, {"name": "framework", "value": "pytest"}, {"name": "language", "value": "cpython3"}, {"name": "package", "value": "Test_MT"}]}