{"name": "test_metro", "status": "failed", "statusDetails": {"message": "AssertionError: Ошибка в ходе выполнения теста _P_metro\nassert False == True\n +  where False = AutoTest('be11611b', '60-ab-67-f7-1d-a0', 'XiaomiSE', '_P_metro', 'metro')", "trace": "self = <Test_MT.TestOther object at 0x000001F4A019D400>\n\n    @allure.feature(\"Тест авторизации\")\n    @allure.story(\"Авторизация _P_metro\")\n    def test_metro (self):\n>       assert AutoTest(number, mac, name, '_P_metro', 'metro') == True, \"Ошибка в ходе выполнения теста _P_metro\"\nE       AssertionError: Ошибка в ходе выполнения теста _P_metro\nE       assert False == True\nE        +  where False = AutoTest('be11611b', '60-ab-67-f7-1d-a0', 'XiaomiSE', '_P_metro', 'metro')\n\nTest_MT.py:101: AssertionError"}, "attachments": [{"name": "log", "source": "c76d068a-1939-460e-8461-e09881bff17e-attachment.txt", "type": "text/plain"}, {"name": "stdout", "source": "b5b81471-7821-4d7f-a6a0-7bb2d906f345-attachment.txt", "type": "text/plain"}, {"name": "stderr", "source": "74aec5c8-f801-496f-a15f-030cb7ea2309-attachment.txt", "type": "text/plain"}], "start": 1651841347286, "stop": 1651841479565, "uuid": "05f7f2c0-f81f-4c8a-8e28-4da2c53ac394", "historyId": "8acea32337f99371ab552a6e37fcab1f", "testCaseId": "9d6c6d19f4d4c8de89bf750f8280ce72", "fullName": "Test_MT.TestOther#test_metro", "labels": [{"name": "feature", "value": "Тест авторизации"}, {"name": "story", "value": "Авторизация _P_metro"}, {"name": "suite", "value": "Тесты основных сегментов сети МТ"}, {"name": "subSuite", "value": "TestOther"}, {"name": "host", "value": "tester"}, {"name": "thread", "value": "6284-MainThread"}, {"name": "framework", "value": "pytest"}, {"name": "language", "value": "cpython3"}, {"name": "package", "value": "Test_MT"}]}