{"name": "test_bus154", "status": "failed", "statusDetails": {"message": "AssertionError: Ошибка в ходе выполнения теста bus154\nassert False == True\n +  where False = AutoTest('be11611b', '60-ab-67-f7-1d-a0', 'XiaomiSE', '_P_mvf_bus', 'bus154')", "trace": "self = <Test_MT.TestOther object at 0x000001D05ADDB588>\n\n    @allure.feature(\"Тест авторизации\")\n    @allure.story(\"Авторизация _P_mvf_bus\")\n    def test_bus154(self):\n>       assert AutoTest(number, mac, name, '_P_mvf_bus', 'bus154') == True, \"Ошибка в ходе выполнения теста bus154\"\nE       AssertionError: Ошибка в ходе выполнения теста bus154\nE       assert False == True\nE        +  where False = AutoTest('be11611b', '60-ab-67-f7-1d-a0', 'XiaomiSE', '_P_mvf_bus', 'bus154')\n\nTest_MT.py:129: AssertionError"}, "attachments": [{"name": "log", "source": "44062a8e-2382-407d-901b-5588bfcfb424-attachment.txt", "type": "text/plain"}, {"name": "stdout", "source": "6e632811-9dbc-445d-91c1-0bf487d96b2f-attachment.txt", "type": "text/plain"}, {"name": "stderr", "source": "8a2c49f6-59ed-454b-ad35-22f51e9b6dd1-attachment.txt", "type": "text/plain"}], "start": 1651798447871, "stop": 1651798640786, "uuid": "91392c66-41a3-43ed-8859-c097f8e94510", "historyId": "6c3f8a24dd4f4f99790af4fc37371378", "testCaseId": "aa57b99d04c859b0fd67a10830cbc1f3", "fullName": "Test_MT.TestOther#test_bus154", "labels": [{"name": "feature", "value": "Тест авторизации"}, {"name": "story", "value": "Авторизация _P_mvf_bus"}, {"name": "suite", "value": "Тесты основных сегментов сети МТ"}, {"name": "subSuite", "value": "TestOther"}, {"name": "host", "value": "tester"}, {"name": "thread", "value": "5784-MainThread"}, {"name": "framework", "value": "pytest"}, {"name": "language", "value": "cpython3"}, {"name": "package", "value": "Test_MT"}]}