{"name": "test_bus207", "status": "failed", "statusDetails": {"message": "AssertionError: Ошибка в ходе выполнения теста bus207\nassert False == True\n +  where False = AutoTest('be11611b', '60-ab-67-f7-1d-a0', 'XiaomiSE', '_P_TTM_v5', 'bus207')", "trace": "self = <Test_MT.TestOther object at 0x000002259D1B1668>\n\n    @allure.feature(\"Тест авторизации\")\n    @allure.story(\"Авторизация _P_TTM_v5\")\n    def test_bus207(self):\n>       assert AutoTest(number, mac, name, '_P_TTM_v5', 'bus207') == True, \"Ошибка в ходе выполнения теста bus207\"\nE       AssertionError: Ошибка в ходе выполнения теста bus207\nE       assert False == True\nE        +  where False = AutoTest('be11611b', '60-ab-67-f7-1d-a0', 'XiaomiSE', '_P_TTM_v5', 'bus207')\n\nTest_MT.py:134: AssertionError"}, "attachments": [{"name": "log", "source": "e083868c-b94c-4ed0-bb22-d285acbf0580-attachment.txt", "type": "text/plain"}, {"name": "stdout", "source": "4df02a06-9c6b-406e-9514-5c425bde2895-attachment.txt", "type": "text/plain"}, {"name": "stderr", "source": "588f87cb-5539-4279-9b8f-7d7c68a7cd98-attachment.txt", "type": "text/plain"}], "start": 1651998401432, "stop": 1651998601217, "uuid": "5f4dae2f-8649-4d27-9e1d-86acf7631998", "historyId": "3369cd05539770f0c09511c571a4094b", "testCaseId": "bc0a014b62f50edbcb39f57be6bfbe2a", "fullName": "Test_MT.TestOther#test_bus207", "labels": [{"name": "story", "value": "Авторизация _P_TTM_v5"}, {"name": "feature", "value": "Тест авторизации"}, {"name": "suite", "value": "Тесты основных сегментов сети МТ"}, {"name": "subSuite", "value": "TestOther"}, {"name": "host", "value": "tester"}, {"name": "thread", "value": "10416-MainThread"}, {"name": "framework", "value": "pytest"}, {"name": "language", "value": "cpython3"}, {"name": "package", "value": "Test_MT"}]}