{"name": "test_bus207", "status": "failed", "statusDetails": {"message": "AssertionError: Ошибка в ходе выполнения теста bus207\nassert False == True\n +  where False = AutoTest('be11611b', '60-ab-67-f7-1d-a0', 'XiaomiSE', '_P_TTM_v5', 'bus207')", "trace": "self = <Test_MT.TestOther object at 0x000002478C902400>\n\n    @allure.feature(\"Тест авторизации\")\n    @allure.story(\"Авторизация _P_TTM_v5\")\n    def test_bus207(self):\n>       assert AutoTest(number, mac, name, '_P_TTM_v5', 'bus207') == True, \"Ошибка в ходе выполнения теста bus207\"\nE       AssertionError: Ошибка в ходе выполнения теста bus207\nE       assert False == True\nE        +  where False = AutoTest('be11611b', '60-ab-67-f7-1d-a0', 'XiaomiSE', '_P_TTM_v5', 'bus207')\n\nTest_MT.py:134: AssertionError"}, "attachments": [{"name": "log", "source": "fb6628dd-b684-478b-9d7d-592f8e39f59f-attachment.txt", "type": "text/plain"}, {"name": "stdout", "source": "3978618a-ac26-4a6b-843d-b7462c085612-attachment.txt", "type": "text/plain"}, {"name": "stderr", "source": "6b83fb71-3ccd-4f91-ab28-9bb63f92b870-attachment.txt", "type": "text/plain"}], "start": 1651669814171, "stop": 1651670011318, "uuid": "fc637b3b-ee74-4178-ab0c-9349e97170e9", "historyId": "3369cd05539770f0c09511c571a4094b", "testCaseId": "bc0a014b62f50edbcb39f57be6bfbe2a", "fullName": "Test_MT.TestOther#test_bus207", "labels": [{"name": "feature", "value": "Тест авторизации"}, {"name": "suite", "value": "Тесты основных сегментов сети МТ"}, {"name": "story", "value": "Авторизация _P_TTM_v5"}, {"name": "subSuite", "value": "TestOther"}, {"name": "host", "value": "tester"}, {"name": "thread", "value": "13496-MainThread"}, {"name": "framework", "value": "pytest"}, {"name": "language", "value": "cpython3"}, {"name": "package", "value": "Test_MT"}]}